#
# A fatal error has been detected by the Java Runtime Environment:
#
#  EXCEPTION_ACCESS_VIOLATION (0xc0000005) at pc=0x00007ffdc453e49a, pid=8376, tid=16348
#
# JRE version: OpenJDK Runtime Environment (11.0.4+10) (build 11.0.4+10-b304.77)
# Java VM: OpenJDK 64-Bit Server VM (11.0.4+10-b304.77, mixed mode, sharing, tiered, compressed oops, g1 gc, windows-amd64)
# Problematic frame:
# V  [jvm.dll+0x35e49a]
#
# No core dump will be written. Minidumps are not enabled by default on client versions of Windows
#
# If you would like to submit a bug report, please visit:
#   http://bugreport.java.com/bugreport/crash.jsp
#

---------------  S U M M A R Y ------------

Command Line: -Xverify:none -XX:TieredStopAtLevel=1 -Dfile.encoding=windows-1251 -Duser.country=RU -Duser.language=ru -Duser.variant njp.NaumenJavaProject.NaumenJavaProjectApplication

Host: Intel(R) Core(TM) i3-2350M CPU @ 2.30GHz, 4 cores, 7G,  Windows 10 , 64 bit Build 17763 (10.0.17763.475)
Time: Wed Nov 27 09:23:17 2019 RTZ 2 (ceia) elapsed time: 5 seconds (0d 0h 0m 5s)

---------------  T H R E A D  ---------------

Current thread (0x0000024774a7d800):  JavaThread "main" [_thread_in_vm, id=16348, stack(0x00000099f1e00000,0x00000099f1f00000)]

Stack: [0x00000099f1e00000,0x00000099f1f00000],  sp=0x00000099f1efd078,  free space=1012k
Native frames: (J=compiled Java code, j=interpreted, Vv=VM code, C=native code)
V  [jvm.dll+0x35e49a]
V  [jvm.dll+0x4e2d1b]
V  [jvm.dll+0x4e0ac7]
V  [jvm.dll+0x4e2aa6]
V  [jvm.dll+0x4e23f3]
V  [jvm.dll+0x36b610]
V  [jvm.dll+0x36aea8]
C  0x000002470001d56e

Java frames: (J=compiled Java code, j=interpreted, Vv=VM code)
j  org.hibernate.validator.internal.engine.ValidatorImpl.getConstraintsForClass(Ljava/lang/Class;)Ljavax/validation/metadata/BeanDescriptor;+5
j  org.hibernate.cfg.beanvalidation.TypeSafeActivator.applyDDL(Ljava/lang/String;Lorg/hibernate/mapping/PersistentClass;Ljava/lang/Class;Ljavax/validation/ValidatorFactory;Ljava/util/Set;ZLorg/hibernate/dialect/Dialect;)V+7
j  org.hibernate.cfg.beanvalidation.TypeSafeActivator.applyRelationalConstraints(Ljavax/validation/ValidatorFactory;Ljava/util/Collection;Ljava/util/Map;Lorg/hibernate/dialect/Dialect;Lorg/hibernate/boot/spi/ClassLoaderAccess;)V+117
j  org.hibernate.cfg.beanvalidation.TypeSafeActivator.applyRelationalConstraints(Ljavax/validation/ValidatorFactory;Lorg/hibernate/cfg/beanvalidation/ActivationContext;)V+147
j  org.hibernate.cfg.beanvalidation.TypeSafeActivator.activate(Lorg/hibernate/cfg/beanvalidation/ActivationContext;)V+78
v  ~StubRoutines::call_stub
J 2411  jdk.internal.reflect.NativeMethodAccessorImpl.invoke0(Ljava/lang/reflect/Method;Ljava/lang/Object;[Ljava/lang/Object;)Ljava/lang/Object; java.base@11.0.4 (0 bytes) @ 0x0000024700a63d4f [0x0000024700a63cc0+0x000000000000008f]
J 2410 c1 jdk.internal.reflect.NativeMethodAccessorImpl.invoke(Ljava/lang/Object;[Ljava/lang/Object;)Ljava/lang/Object; java.base@11.0.4 (104 bytes) @ 0x0000024700a6460c [0x0000024700a64240+0x00000000000003cc]
J 2092 c1 jdk.internal.reflect.DelegatingMethodAccessorImpl.invoke(Ljava/lang/Object;[Ljava/lang/Object;)Ljava/lang/Object; java.base@11.0.4 (10 bytes) @ 0x00000247009cfb24 [0x00000247009cfac0+0x0000000000000064]
J 2106 c1 java.lang.reflect.Method.invoke(Ljava/lang/Object;[Ljava/lang/Object;)Ljava/lang/Object; java.base@11.0.4 (65 bytes) @ 0x00000247009d6004 [0x00000247009d5ee0+0x0000000000000124]
j  org.hibernate.cfg.beanvalidation.BeanValidationIntegrator.integrate(Lorg/hibernate/boot/Metadata;Lorg/hibernate/engine/spi/SessionFactoryImplementor;Lorg/hibernate/service/spi/SessionFactoryServiceRegistry;)V+156
j  org.hibernate.internal.SessionFactoryImpl.<init>(Lorg/hibernate/boot/spi/MetadataImplementor;Lorg/hibernate/boot/spi/SessionFactoryOptions;)V+553
j  org.hibernate.boot.internal.SessionFactoryBuilderImpl.build()Lorg/hibernate/SessionFactory;+21
j  org.hibernate.jpa.boot.internal.EntityManagerFactoryBuilderImpl.build()Ljavax/persistence/EntityManagerFactory;+20
j  org.springframework.orm.jpa.vendor.SpringHibernateJpaPersistenceProvider.createContainerEntityManagerFactory(Ljavax/persistence/spi/PersistenceUnitInfo;Ljava/util/Map;)Ljavax/persistence/EntityManagerFactory;+55
j  org.springframework.orm.jpa.LocalContainerEntityManagerFactoryBean.createNativeEntityManagerFactory()Ljavax/persistence/EntityManagerFactory;+129
j  org.springframework.orm.jpa.AbstractEntityManagerFactoryBean.buildNativeEntityManagerFactory()Ljavax/persistence/EntityManagerFactory;+1
j  org.springframework.orm.jpa.AbstractEntityManagerFactoryBean.afterPropertiesSet()V+192
j  org.springframework.orm.jpa.LocalContainerEntityManagerFactoryBean.afterPropertiesSet()V+77
j  org.springframework.beans.factory.support.AbstractAutowireCapableBeanFactory.invokeInitMethods(Ljava/lang/String;Ljava/lang/Object;Lorg/springframework/beans/factory/support/RootBeanDefinition;)V+106
j  org.springframework.beans.factory.support.AbstractAutowireCapableBeanFactory.initializeBean(Ljava/lang/String;Ljava/lang/Object;Lorg/springframework/beans/factory/support/RootBeanDefinition;)Ljava/lang/Object;+59
j  org.springframework.beans.factory.support.AbstractAutowireCapableBeanFactory.doCreateBean(Ljava/lang/String;Lorg/springframework/beans/factory/support/RootBeanDefinition;[Ljava/lang/Object;)Ljava/lang/Object;+245
j  org.springframework.beans.factory.support.AbstractAutowireCapableBeanFactory.createBean(Ljava/lang/String;Lorg/springframework/beans/factory/support/RootBeanDefinition;[Ljava/lang/Object;)Ljava/lang/Object;+169
j  org.springframework.beans.factory.support.AbstractBeanFactory.lambda$doGetBean$0(Ljava/lang/String;Lorg/springframework/beans/factory/support/RootBeanDefinition;[Ljava/lang/Object;)Ljava/lang/Object;+4
j  org.springframework.beans.factory.support.AbstractBeanFactory$$Lambda$194.getObject()Ljava/lang/Object;+16
j  org.springframework.beans.factory.support.DefaultSingletonBeanRegistry.getSingleton(Ljava/lang/String;Lorg/springframework/beans/factory/ObjectFactory;)Ljava/lang/Object;+132
J 2659 c1 org.springframework.beans.factory.support.AbstractBeanFactory.doGetBean(Ljava/lang/String;Ljava/lang/Class;[Ljava/lang/Object;Z)Ljava/lang/Object; (833 bytes) @ 0x0000024700acac3c [0x0000024700aca6a0+0x000000000000059c]
j  org.springframework.beans.factory.support.AbstractBeanFactory.getBean(Ljava/lang/String;)Ljava/lang/Object;+5
j  org.springframework.context.support.AbstractApplicationContext.getBean(Ljava/lang/String;)Ljava/lang/Object;+9
j  org.springframework.context.support.AbstractApplicationContext.finishBeanFactoryInitialization(Lorg/springframework/beans/factory/config/ConfigurableListableBeanFactory;)V+100
j  org.springframework.context.support.AbstractApplicationContext.refresh()V+54
j  org.springframework.boot.web.servlet.context.ServletWebServerApplicationContext.refresh()V+1
j  org.springframework.boot.SpringApplication.refresh(Lorg/springframework/context/ApplicationContext;)V+10
j  org.springframework.boot.SpringApplication.refreshContext(Lorg/springframework/context/ConfigurableApplicationContext;)V+2
j  org.springframework.boot.SpringApplication.run([Ljava/lang/String;)Lorg/springframework/context/ConfigurableApplicationContext;+118
j  org.springframework.boot.SpringApplication.run([Ljava/lang/Class;[Ljava/lang/String;)Lorg/springframework/context/ConfigurableApplicationContext;+9
j  org.springframework.boot.SpringApplication.run(Ljava/lang/Class;[Ljava/lang/String;)Lorg/springframework/context/ConfigurableApplicationContext;+9
j  njp.NaumenJavaProject.NaumenJavaProjectApplication.main([Ljava/lang/String;)V+3
v  ~StubRoutines::call_stub

siginfo: EXCEPTION_ACCESS_VIOLATION (0xc0000005), reading address 0x0000024f105c6cf8


Register to memory mapping:

RIP=0x00007ffdc453e49a jvm.dll
RAX=0x0000000000000003 is an unknown value
RBX=0x0 is NULL
RCX=0x0000024f105c69d0 is an unknown value
RDX=0x000000000000005d is an unknown value
RSP=0x00000099f1efd078 is pointing into the stack for thread: 0x0000024774a7d800
RBP=0x0 is NULL
RSI=0x0000000000000001 is an unknown value
RDI=0x000002470ff06a50 points into unknown readable memory: 0f 00 02 00 f9 2f 67 65
R8 =0x0000000000000006 is an unknown value
R9 =0x0 is NULL
R10=0x0 is NULL
R11=0x0000000000000015 is an unknown value
R12=0x000002470fed2110 points into unknown readable memory: 56 00 02 00 25 91 28 4c
R13=0x0000000840170930 is a pointer to class: 
org.hibernate.validator.internal.metadata.BeanMetaDataManager {0x0000000840170938}
R14=0x0000000000000007 is an unknown value
R15=0x00000247105c73e8 is pointing into metadata


Registers:
RAX=0x0000000000000003, RBX=0x0000000000000000, RCX=0x0000024f105c69d0, RDX=0x000000000000005d
RSP=0x00000099f1efd078, RBP=0x0000000000000000, RSI=0x0000000000000001, RDI=0x000002470ff06a50
R8 =0x0000000000000006, R9 =0x0000000000000000, R10=0x0000000000000000, R11=0x0000000000000015
R12=0x000002470fed2110, R13=0x0000000840170930, R14=0x0000000000000007, R15=0x00000247105c73e8
RIP=0x00007ffdc453e49a, EFLAGS=0x0000000000010206

Top of Stack: (sp=0x00000099f1efd078)
0x00000099f1efd078:   0000000000000000 0000024774a7d800
0x00000099f1efd088:   000002470ff06a50 0000000840170930
0x00000099f1efd098:   00007ffdc46c2d1b 0000000000000000
0x00000099f1efd0a8:   00000099f1efd1a0 00000099f1efd2b0
0x00000099f1efd0b8:   00000099f1efd3a0 0000000000000000
0x00000099f1efd0c8:   0000000000000000 000002470fed2110
0x00000099f1efd0d8:   000002477f98d1e0 00000099f1efd1b0
0x00000099f1efd0e8:   0000000000000000 0000000000000000
0x00000099f1efd0f8:   0000000000000000 0000024774a7d800
0x00000099f1efd108:   00007ffdc43d449a 0000000840188240
0x00000099f1efd118:   00007ffdc46c0e23 0000000000000001
0x00000099f1efd128:   000002470ffdfa90 00000099f1efd1c0
0x00000099f1efd138:   00007ffdc453a64f 0000024772843150
0x00000099f1efd148:   0000024774a7e720 0000024774a7e768
0x00000099f1efd158:   0000024774a7e808 0000000840170930
0x00000099f1efd168:   00007ffdc480b7c3 0000000840170930 

Instructions: (pc=0x00007ffdc453e49a)
0x00007ffdc453e39a:   49 3b c8 7c e1 b0 01 48 8b 5c 24 40 48 8b 6c 24
0x00007ffdc453e3aa:   48 48 8b 74 24 50 48 8b 7c 24 58 48 83 c4 20 41
0x00007ffdc453e3ba:   5f 41 5e 41 5c c3 48 83 3d e8 f3 67 00 00 44 8b
0x00007ffdc453e3ca:   05 6d e7 6b 00 65 48 8b 04 25 58 00 00 00 b9 08
0x00007ffdc453e3da:   00 00 00 4a 8b 04 c0 48 8b 14 08 48 8b b2 70 02
0x00007ffdc453e3ea:   00 00 48 8b 6e 10 4c 8b 76 18 4c 8b 7e 20 4c 8b
0x00007ffdc453e3fa:   66 28 0f 84 36 ff ff ff 49 8b c9 e8 86 4c 16 00
0x00007ffdc453e40a:   48 8b cf 48 8b d8 e8 7b 4c 16 00 48 8d 0d bc 99
0x00007ffdc453e41a:   4b 00 e9 0c ff ff ff cc cc cc cc cc cc cc cc cc
0x00007ffdc453e42a:   cc cc cc cc cc cc 48 89 5c 24 08 48 89 6c 24 10
0x00007ffdc453e43a:   48 89 74 24 18 48 89 7c 24 20 41 54 41 55 41 56
0x00007ffdc453e44a:   41 57 41 8b f1 4d 8b e0 48 8b fa 4c 8b e9 48 85
0x00007ffdc453e45a:   c9 74 77 8b 6c 24 48 4d 8b bd 98 01 00 00 45 33
0x00007ffdc453e46a:   c9 4d 63 37 45 8d 46 ff 45 85 c0 78 4a 66 0f 1f
0x00007ffdc453e47a:   84 00 00 00 00 00 43 8d 04 08 d1 f8 48 63 c8 49
0x00007ffdc453e48a:   8b 54 cf 08 48 8b 4a 08 0f b7 51 2a 48 8b 49 08
0x00007ffdc453e49a:   4c 8b 54 d1 40 4c 3b d7 72 14 33 c9 4c 3b d7 0f
0x00007ffdc453e4aa:   95 c1 85 c9 74 43 78 06 44 8d 40 ff eb 04 44 8d
0x00007ffdc453e4ba:   48 01 45 3b c8 7e bf 33 c0 48 85 c0 75 0e 4d 8b
0x00007ffdc453e4ca:   6d 78 8d 70 01 4d 85 ed 75 8d 33 c0 48 8b 5c 24
0x00007ffdc453e4da:   28 48 8b 6c 24 30 48 8b 74 24 38 48 8b 7c 24 40
0x00007ffdc453e4ea:   41 5f 41 5e 41 5d 41 5c c3 83 f8 ff 74 c9 48 63
0x00007ffdc453e4fa:   c8 4d 8b 4c cf 08 4d 8b 41 08 41 0f b7 50 2c 49
0x00007ffdc453e50a:   8b 48 08 4c 39 64 d1 40 75 2a 83 fe 01 75 0d 41
0x00007ffdc453e51a:   0f b6 48 24 c0 e9 06 40 84 ce 75 18 83 fd 01 0f
0x00007ffdc453e52a:   85 fd 00 00 00 41 8b 49 20 d1 e9 40 84 cd 0f 84
0x00007ffdc453e53a:   ee 00 00 00 44 8d 58 ff 4d 63 c3 45 85 db 78 6c
0x00007ffdc453e54a:   4d 8d 50 01 4f 8d 14 d7 0f 1f 40 00 66 66 0f 1f
0x00007ffdc453e55a:   84 00 00 00 00 00 49 8b 1a 48 8b 53 08 4c 8b 4a
0x00007ffdc453e56a:   08 0f b7 4a 2a 49 39 7c c9 40 75 40 0f b7 4a 2c
0x00007ffdc453e57a:   4d 39 64 c9 40 75 28 83 fe 01 75 0c 0f b6 4a 24
0x00007ffdc453e58a:   c0 e9 06 40 84 ce 75 17 83 fd 01 0f 85 8e 00 00 


Stack slot to memory mapping:
stack at sp + 0 slots: 0x0 is NULL
stack at sp + 1 slots: 0x0000024774a7d800 is a thread
stack at sp + 2 slots: 0x000002470ff06a50 points into unknown readable memory: 0f 00 02 00 f9 2f 67 65
stack at sp + 3 slots: 0x0000000840170930 is a pointer to class: 
org.hibernate.validator.internal.metadata.BeanMetaDataManager {0x0000000840170938}
stack at sp + 4 slots: 0x00007ffdc46c2d1b jvm.dll
stack at sp + 5 slots: 0x0 is NULL
stack at sp + 6 slots: 0x00000099f1efd1a0 is pointing into the stack for thread: 0x0000024774a7d800
stack at sp + 7 slots: 0x00000099f1efd2b0 is pointing into the stack for thread: 0x0000024774a7d800


---------------  P R O C E S S  ---------------

Threads class SMR info:
_java_thread_list=0x0000024710c960e0, length=15, elements={
0x0000024774a7d800, 0x000002477f977800, 0x000002477f97a800, 0x000002477f998000,
0x000002477f999000, 0x000002477f99c800, 0x000002477f9c3800, 0x000002477fbd4800,
0x000002477fbdd000, 0x0000024710e15800, 0x0000024710e16000, 0x0000024710dcb800,
0x0000024710e9e000, 0x0000024710ec3000, 0x0000024710f1d800
}

Java Threads: ( => current thread )
=>0x0000024774a7d800 JavaThread "main" [_thread_in_vm, id=16348, stack(0x00000099f1e00000,0x00000099f1f00000)]
  0x000002477f977800 JavaThread "Reference Handler" daemon [_thread_blocked, id=6656, stack(0x00000099f2500000,0x00000099f2600000)]
  0x000002477f97a800 JavaThread "Finalizer" daemon [_thread_blocked, id=3744, stack(0x00000099f2600000,0x00000099f2700000)]
  0x000002477f998000 JavaThread "Signal Dispatcher" daemon [_thread_blocked, id=6376, stack(0x00000099f2700000,0x00000099f2800000)]
  0x000002477f999000 JavaThread "Attach Listener" daemon [_thread_blocked, id=16568, stack(0x00000099f2800000,0x00000099f2900000)]
  0x000002477f99c800 JavaThread "C1 CompilerThread0" daemon [_thread_blocked, id=12664, stack(0x00000099f2900000,0x00000099f2a00000)]
  0x000002477f9c3800 JavaThread "Sweeper thread" daemon [_thread_blocked, id=15476, stack(0x00000099f2a00000,0x00000099f2b00000)]
  0x000002477fbd4800 JavaThread "Service Thread" daemon [_thread_blocked, id=2052, stack(0x00000099f2b00000,0x00000099f2c00000)]
  0x000002477fbdd000 JavaThread "Common-Cleaner" daemon [_thread_blocked, id=8172, stack(0x00000099f2d00000,0x00000099f2e00000)]
  0x0000024710e15800 JavaThread "Catalina-utility-1" [_thread_blocked, id=4856, stack(0x00000099f3100000,0x00000099f3200000)]
  0x0000024710e16000 JavaThread "Catalina-utility-2" [_thread_blocked, id=7880, stack(0x00000099f3300000,0x00000099f3400000)]
  0x0000024710dcb800 JavaThread "container-0" [_thread_blocked, id=12292, stack(0x00000099f3400000,0x00000099f3500000)]
  0x0000024710e9e000 JavaThread "PostgreSQL-JDBC-SharedTimer-1" daemon [_thread_blocked, id=17132, stack(0x00000099f3600000,0x00000099f3700000)]
  0x0000024710ec3000 JavaThread "HikariPool-1 housekeeper" daemon [_thread_blocked, id=13064, stack(0x00000099f3700000,0x00000099f3800000)]
  0x0000024710f1d800 JavaThread "HikariPool-1 connection adder" daemon [_thread_blocked, id=5824, stack(0x00000099f3800000,0x00000099f3900000)]

Other Threads:
  0x000002477f96e000 VMThread "VM Thread" [stack: 0x00000099f2400000,0x00000099f2500000] [id=13500]
  0x000002477fbd6000 WatcherThread [stack: 0x00000099f2c00000,0x00000099f2d00000] [id=12880]
  0x000002477290c000 GCTaskThread "GC Thread#0" [stack: 0x00000099f1f00000,0x00000099f2000000] [id=16108]
  0x000002470f888800 GCTaskThread "GC Thread#1" [stack: 0x00000099f2e00000,0x00000099f2f00000] [id=3308]
  0x000002470fc25800 GCTaskThread "GC Thread#2" [stack: 0x00000099f2f00000,0x00000099f3000000] [id=6440]
  0x000002470fe19800 GCTaskThread "GC Thread#3" [stack: 0x00000099f3200000,0x00000099f3300000] [id=9832]
  0x0000024774ac2800 ConcurrentGCThread "G1 Main Marker" [stack: 0x00000099f2000000,0x00000099f2100000] [id=3364]
  0x0000024774ac4000 ConcurrentGCThread "G1 Conc#0" [stack: 0x00000099f2100000,0x00000099f2200000] [id=7852]
  0x000002477f805800 ConcurrentGCThread "G1 Refine#0" [stack: 0x00000099f2200000,0x00000099f2300000] [id=9084]
  0x000002477fd5e800 ConcurrentGCThread "G1 Refine#1" [stack: 0x00000099f3000000,0x00000099f3100000] [id=15136]
  0x000002477f806000 ConcurrentGCThread "G1 Young RemSet Sampling" [stack: 0x00000099f2300000,0x00000099f2400000] [id=3820]

Threads with active compile tasks:

VM state:not at safepoint (normal execution)

VM Mutex/Monitor currently owned by a thread: None

Heap address: 0x0000000080e00000, size: 2034 MB, Compressed Oops mode: 32-bit
Narrow klass base: 0x0000000800000000, Narrow klass shift: 3
Compressed class space size: 1073741824 Address: 0x0000000840000000

Heap:
 garbage-first heap   total 157696K, used 53338K [0x0000000080e00000, 0x0000000100000000)
  region size 1024K, 46 young (47104K), 8 survivors (8192K)
 Metaspace       used 34234K, capacity 35214K, committed 35452K, reserved 1079296K
  class space    used 4734K, capacity 5145K, committed 5244K, reserved 1048576K
Heap Regions: E=young(eden), S=young(survivor), O=old, HS=humongous(starts), HC=humongous(continues), CS=collection set, F=free, A=archive, TAMS=top-at-mark-start (previous, next)
|   0|0x0000000080e00000, 0x0000000080f00000, 0x0000000080f00000|100%|HS|  |TAMS 0x0000000080f00000, 0x0000000080e00000| Complete 
|   1|0x0000000080f00000, 0x0000000081000000, 0x0000000081000000|100%| O|  |TAMS 0x0000000081000000, 0x0000000080f00000| Untracked 
|   2|0x0000000081000000, 0x0000000081100000, 0x0000000081100000|100%| O|  |TAMS 0x0000000081100000, 0x0000000081000000| Untracked 
|   3|0x0000000081100000, 0x0000000081200000, 0x0000000081200000|100%| O|  |TAMS 0x0000000081200000, 0x0000000081100000| Untracked 
|   4|0x0000000081200000, 0x0000000081300000, 0x0000000081300000|100%| O|  |TAMS 0x0000000081300000, 0x0000000081200000| Untracked 
|   5|0x0000000081300000, 0x0000000081400000, 0x0000000081400000|100%| O|  |TAMS 0x0000000081400000, 0x0000000081300000| Untracked 
|   6|0x0000000081400000, 0x0000000081500000, 0x0000000081500000|100%| O|  |TAMS 0x0000000081400000, 0x0000000081400000| Untracked 
|   7|0x0000000081500000, 0x0000000081516a00, 0x0000000081600000|  8%| O|  |TAMS 0x0000000081500000, 0x0000000081500000| Untracked 
|   8|0x0000000081600000, 0x0000000081600000, 0x0000000081700000|  0%| F|  |TAMS 0x0000000081600000, 0x0000000081600000| Untracked 
|   9|0x0000000081700000, 0x0000000081700000, 0x0000000081800000|  0%| F|  |TAMS 0x0000000081700000, 0x0000000081700000| Untracked 
|  10|0x0000000081800000, 0x0000000081800000, 0x0000000081900000|  0%| F|  |TAMS 0x0000000081800000, 0x0000000081800000| Untracked 
|  11|0x0000000081900000, 0x0000000081900000, 0x0000000081a00000|  0%| F|  |TAMS 0x0000000081900000, 0x0000000081900000| Untracked 
|  12|0x0000000081a00000, 0x0000000081a00000, 0x0000000081b00000|  0%| F|  |TAMS 0x0000000081a00000, 0x0000000081a00000| Untracked 
|  13|0x0000000081b00000, 0x0000000081b00000, 0x0000000081c00000|  0%| F|  |TAMS 0x0000000081b00000, 0x0000000081b00000| Untracked 
|  14|0x0000000081c00000, 0x0000000081c00000, 0x0000000081d00000|  0%| F|  |TAMS 0x0000000081c00000, 0x0000000081c00000| Untracked 
|  15|0x0000000081d00000, 0x0000000081d00000, 0x0000000081e00000|  0%| F|  |TAMS 0x0000000081d00000, 0x0000000081d00000| Untracked 
|  16|0x0000000081e00000, 0x0000000081e00000, 0x0000000081f00000|  0%| F|  |TAMS 0x0000000081e00000, 0x0000000081e00000| Untracked 
|  17|0x0000000081f00000, 0x0000000081f00000, 0x0000000082000000|  0%| F|  |TAMS 0x0000000081f00000, 0x0000000081f00000| Untracked 
|  18|0x0000000082000000, 0x0000000082000000, 0x0000000082100000|  0%| F|  |TAMS 0x0000000082000000, 0x0000000082000000| Untracked 
|  19|0x0000000082100000, 0x0000000082100000, 0x0000000082200000|  0%| F|  |TAMS 0x0000000082100000, 0x0000000082100000| Untracked 
|  20|0x0000000082200000, 0x0000000082200000, 0x0000000082300000|  0%| F|  |TAMS 0x0000000082200000, 0x0000000082200000| Untracked 
|  21|0x0000000082300000, 0x0000000082300000, 0x0000000082400000|  0%| F|  |TAMS 0x0000000082300000, 0x0000000082300000| Untracked 
|  22|0x0000000082400000, 0x0000000082400000, 0x0000000082500000|  0%| F|  |TAMS 0x0000000082400000, 0x0000000082400000| Untracked 
|  23|0x0000000082500000, 0x0000000082500000, 0x0000000082600000|  0%| F|  |TAMS 0x0000000082500000, 0x0000000082500000| Untracked 
|  24|0x0000000082600000, 0x0000000082600000, 0x0000000082700000|  0%| F|  |TAMS 0x0000000082600000, 0x0000000082600000| Untracked 
|  25|0x0000000082700000, 0x0000000082700000, 0x0000000082800000|  0%| F|  |TAMS 0x0000000082700000, 0x0000000082700000| Untracked 
|  26|0x0000000082800000, 0x0000000082800000, 0x0000000082900000|  0%| F|  |TAMS 0x0000000082800000, 0x0000000082800000| Untracked 
|  27|0x0000000082900000, 0x0000000082900000, 0x0000000082a00000|  0%| F|  |TAMS 0x0000000082900000, 0x0000000082900000| Untracked 
|  28|0x0000000082a00000, 0x0000000082a00000, 0x0000000082b00000|  0%| F|  |TAMS 0x0000000082a00000, 0x0000000082a00000| Untracked 
|  29|0x0000000082b00000, 0x0000000082b00000, 0x0000000082c00000|  0%| F|  |TAMS 0x0000000082b00000, 0x0000000082b00000| Untracked 
|  30|0x0000000082c00000, 0x0000000082c00000, 0x0000000082d00000|  0%| F|  |TAMS 0x0000000082c00000, 0x0000000082c00000| Untracked 
|  31|0x0000000082d00000, 0x0000000082d00000, 0x0000000082e00000|  0%| F|  |TAMS 0x0000000082d00000, 0x0000000082d00000| Untracked 
|  32|0x0000000082e00000, 0x0000000082e00000, 0x0000000082f00000|  0%| F|  |TAMS 0x0000000082e00000, 0x0000000082e00000| Untracked 
|  33|0x0000000082f00000, 0x0000000082f00000, 0x0000000083000000|  0%| F|  |TAMS 0x0000000082f00000, 0x0000000082f00000| Untracked 
|  34|0x0000000083000000, 0x0000000083000000, 0x0000000083100000|  0%| F|  |TAMS 0x0000000083000000, 0x0000000083000000| Untracked 
|  35|0x0000000083100000, 0x0000000083100000, 0x0000000083200000|  0%| F|  |TAMS 0x0000000083100000, 0x0000000083100000| Untracked 
|  36|0x0000000083200000, 0x0000000083200000, 0x0000000083300000|  0%| F|  |TAMS 0x0000000083200000, 0x0000000083200000| Untracked 
|  37|0x0000000083300000, 0x0000000083300000, 0x0000000083400000|  0%| F|  |TAMS 0x0000000083300000, 0x0000000083300000| Untracked 
|  38|0x0000000083400000, 0x0000000083400000, 0x0000000083500000|  0%| F|  |TAMS 0x0000000083400000, 0x0000000083400000| Untracked 
|  39|0x0000000083500000, 0x0000000083500000, 0x0000000083600000|  0%| F|  |TAMS 0x0000000083500000, 0x0000000083500000| Untracked 
|  40|0x0000000083600000, 0x0000000083600000, 0x0000000083700000|  0%| F|  |TAMS 0x0000000083600000, 0x0000000083600000| Untracked 
|  41|0x0000000083700000, 0x0000000083700000, 0x0000000083800000|  0%| F|  |TAMS 0x0000000083700000, 0x0000000083700000| Untracked 
|  42|0x0000000083800000, 0x0000000083800000, 0x0000000083900000|  0%| F|  |TAMS 0x0000000083800000, 0x0000000083800000| Untracked 
|  43|0x0000000083900000, 0x0000000083900000, 0x0000000083a00000|  0%| F|  |TAMS 0x0000000083900000, 0x0000000083900000| Untracked 
|  44|0x0000000083a00000, 0x0000000083a00000, 0x0000000083b00000|  0%| F|  |TAMS 0x0000000083a00000, 0x0000000083a00000| Untracked 
|  45|0x0000000083b00000, 0x0000000083b00000, 0x0000000083c00000|  0%| F|  |TAMS 0x0000000083b00000, 0x0000000083b00000| Untracked 
|  46|0x0000000083c00000, 0x0000000083c00000, 0x0000000083d00000|  0%| F|  |TAMS 0x0000000083c00000, 0x0000000083c00000| Untracked 
|  47|0x0000000083d00000, 0x0000000083d00000, 0x0000000083e00000|  0%| F|  |TAMS 0x0000000083d00000, 0x0000000083d00000| Untracked 
|  48|0x0000000083e00000, 0x0000000083e00000, 0x0000000083f00000|  0%| F|  |TAMS 0x0000000083e00000, 0x0000000083e00000| Untracked 
|  49|0x0000000083f00000, 0x0000000083f00000, 0x0000000084000000|  0%| F|  |TAMS 0x0000000083f00000, 0x0000000083f00000| Untracked 
|  50|0x0000000084000000, 0x0000000084000000, 0x0000000084100000|  0%| F|  |TAMS 0x0000000084000000, 0x0000000084000000| Untracked 
|  51|0x0000000084100000, 0x0000000084100000, 0x0000000084200000|  0%| F|  |TAMS 0x0000000084100000, 0x0000000084100000| Untracked 
|  52|0x0000000084200000, 0x0000000084200000, 0x0000000084300000|  0%| F|  |TAMS 0x0000000084200000, 0x0000000084200000| Untracked 
|  53|0x0000000084300000, 0x0000000084300000, 0x0000000084400000|  0%| F|  |TAMS 0x0000000084300000, 0x0000000084300000| Untracked 
|  54|0x0000000084400000, 0x0000000084400000, 0x0000000084500000|  0%| F|  |TAMS 0x0000000084400000, 0x0000000084400000| Untracked 
|  55|0x0000000084500000, 0x0000000084500000, 0x0000000084600000|  0%| F|  |TAMS 0x0000000084500000, 0x0000000084500000| Untracked 
|  56|0x0000000084600000, 0x0000000084600000, 0x0000000084700000|  0%| F|  |TAMS 0x0000000084600000, 0x0000000084600000| Untracked 
|  57|0x0000000084700000, 0x0000000084700000, 0x0000000084800000|  0%| F|  |TAMS 0x0000000084700000, 0x0000000084700000| Untracked 
|  58|0x0000000084800000, 0x0000000084800000, 0x0000000084900000|  0%| F|  |TAMS 0x0000000084800000, 0x0000000084800000| Untracked 
|  59|0x0000000084900000, 0x0000000084a00000, 0x0000000084a00000|100%| S|CS|TAMS 0x0000000084900000, 0x0000000084900000| Complete 
|  60|0x0000000084a00000, 0x0000000084b00000, 0x0000000084b00000|100%| S|CS|TAMS 0x0000000084a00000, 0x0000000084a00000| Complete 
|  61|0x0000000084b00000, 0x0000000084c00000, 0x0000000084c00000|100%| S|CS|TAMS 0x0000000084b00000, 0x0000000084b00000| Complete 
|  62|0x0000000084c00000, 0x0000000084d00000, 0x0000000084d00000|100%| S|CS|TAMS 0x0000000084c00000, 0x0000000084c00000| Complete 
|  63|0x0000000084d00000, 0x0000000084e00000, 0x0000000084e00000|100%| S|CS|TAMS 0x0000000084d00000, 0x0000000084d00000| Complete 
|  64|0x0000000084e00000, 0x0000000084f00000, 0x0000000084f00000|100%| S|CS|TAMS 0x0000000084e00000, 0x0000000084e00000| Complete 
|  65|0x0000000084f00000, 0x0000000085000000, 0x0000000085000000|100%| S|CS|TAMS 0x0000000084f00000, 0x0000000084f00000| Complete 
|  66|0x0000000085000000, 0x0000000085100000, 0x0000000085100000|100%| S|CS|TAMS 0x0000000085000000, 0x0000000085000000| Complete 
|  67|0x0000000085100000, 0x0000000085100000, 0x0000000085200000|  0%| F|  |TAMS 0x0000000085100000, 0x0000000085100000| Untracked 
|  68|0x0000000085200000, 0x0000000085200000, 0x0000000085300000|  0%| F|  |TAMS 0x0000000085200000, 0x0000000085200000| Untracked 
|  69|0x0000000085300000, 0x0000000085300000, 0x0000000085400000|  0%| F|  |TAMS 0x0000000085300000, 0x0000000085300000| Untracked 
|  70|0x0000000085400000, 0x0000000085400000, 0x0000000085500000|  0%| F|  |TAMS 0x0000000085400000, 0x0000000085400000| Untracked 
|  71|0x0000000085500000, 0x0000000085500000, 0x0000000085600000|  0%| F|  |TAMS 0x0000000085500000, 0x0000000085500000| Untracked 
|  72|0x0000000085600000, 0x0000000085600000, 0x0000000085700000|  0%| F|  |TAMS 0x0000000085600000, 0x0000000085600000| Untracked 
|  73|0x0000000085700000, 0x0000000085700000, 0x0000000085800000|  0%| F|  |TAMS 0x0000000085700000, 0x0000000085700000| Untracked 
|  74|0x0000000085800000, 0x0000000085800000, 0x0000000085900000|  0%| F|  |TAMS 0x0000000085800000, 0x0000000085800000| Untracked 
|  75|0x0000000085900000, 0x0000000085900000, 0x0000000085a00000|  0%| F|  |TAMS 0x0000000085900000, 0x0000000085900000| Untracked 
|  76|0x0000000085a00000, 0x0000000085a00000, 0x0000000085b00000|  0%| F|  |TAMS 0x0000000085a00000, 0x0000000085a00000| Untracked 
|  77|0x0000000085b00000, 0x0000000085b00000, 0x0000000085c00000|  0%| F|  |TAMS 0x0000000085b00000, 0x0000000085b00000| Untracked 
|  78|0x0000000085c00000, 0x0000000085c00000, 0x0000000085d00000|  0%| F|  |TAMS 0x0000000085c00000, 0x0000000085c00000| Untracked 
|  79|0x0000000085d00000, 0x0000000085d00000, 0x0000000085e00000|  0%| F|  |TAMS 0x0000000085d00000, 0x0000000085d00000| Untracked 
|  80|0x0000000085e00000, 0x0000000085e00000, 0x0000000085f00000|  0%| F|  |TAMS 0x0000000085e00000, 0x0000000085e00000| Untracked 
|  81|0x0000000085f00000, 0x0000000085f00000, 0x0000000086000000|  0%| F|  |TAMS 0x0000000085f00000, 0x0000000085f00000| Untracked 
|  82|0x0000000086000000, 0x0000000086000000, 0x0000000086100000|  0%| F|  |TAMS 0x0000000086000000, 0x0000000086000000| Untracked 
|  83|0x0000000086100000, 0x0000000086100000, 0x0000000086200000|  0%| F|  |TAMS 0x0000000086100000, 0x0000000086100000| Untracked 
|  84|0x0000000086200000, 0x0000000086200000, 0x0000000086300000|  0%| F|  |TAMS 0x0000000086200000, 0x0000000086200000| Untracked 
|  85|0x0000000086300000, 0x0000000086300000, 0x0000000086400000|  0%| F|  |TAMS 0x0000000086300000, 0x0000000086300000| Untracked 
|  86|0x0000000086400000, 0x0000000086400000, 0x0000000086500000|  0%| F|  |TAMS 0x0000000086400000, 0x0000000086400000| Untracked 
|  87|0x0000000086500000, 0x0000000086500000, 0x0000000086600000|  0%| F|  |TAMS 0x0000000086500000, 0x0000000086500000| Untracked 
|  88|0x0000000086600000, 0x0000000086600000, 0x0000000086700000|  0%| F|  |TAMS 0x0000000086600000, 0x0000000086600000| Untracked 
|  89|0x0000000086700000, 0x0000000086700000, 0x0000000086800000|  0%| F|  |TAMS 0x0000000086700000, 0x0000000086700000| Untracked 
|  90|0x0000000086800000, 0x0000000086800000, 0x0000000086900000|  0%| F|  |TAMS 0x0000000086800000, 0x0000000086800000| Untracked 
|  91|0x0000000086900000, 0x0000000086900000, 0x0000000086a00000|  0%| F|  |TAMS 0x0000000086900000, 0x0000000086900000| Untracked 
|  92|0x0000000086a00000, 0x0000000086a00000, 0x0000000086b00000|  0%| F|  |TAMS 0x0000000086a00000, 0x0000000086a00000| Untracked 
|  93|0x0000000086b00000, 0x0000000086b00000, 0x0000000086c00000|  0%| F|  |TAMS 0x0000000086b00000, 0x0000000086b00000| Untracked 
|  94|0x0000000086c00000, 0x0000000086c00000, 0x0000000086d00000|  0%| F|  |TAMS 0x0000000086c00000, 0x0000000086c00000| Untracked 
|  95|0x0000000086d00000, 0x0000000086d00000, 0x0000000086e00000|  0%| F|  |TAMS 0x0000000086d00000, 0x0000000086d00000| Untracked 
|  96|0x0000000086e00000, 0x0000000086e00000, 0x0000000086f00000|  0%| F|  |TAMS 0x0000000086e00000, 0x0000000086e00000| Untracked 
|  97|0x0000000086f00000, 0x0000000086f00000, 0x0000000087000000|  0%| F|  |TAMS 0x0000000086f00000, 0x0000000086f00000| Untracked 
|  98|0x0000000087000000, 0x0000000087000000, 0x0000000087100000|  0%| F|  |TAMS 0x0000000087000000, 0x0000000087000000| Untracked 
|  99|0x0000000087100000, 0x0000000087100000, 0x0000000087200000|  0%| F|  |TAMS 0x0000000087100000, 0x0000000087100000| Untracked 
| 100|0x0000000087200000, 0x0000000087200000, 0x0000000087300000|  0%| F|  |TAMS 0x0000000087200000, 0x0000000087200000| Untracked 
| 101|0x0000000087300000, 0x0000000087300000, 0x0000000087400000|  0%| F|  |TAMS 0x0000000087300000, 0x0000000087300000| Untracked 
| 102|0x0000000087400000, 0x0000000087400000, 0x0000000087500000|  0%| F|  |TAMS 0x0000000087400000, 0x0000000087400000| Untracked 
| 103|0x0000000087500000, 0x0000000087500000, 0x0000000087600000|  0%| F|  |TAMS 0x0000000087500000, 0x0000000087500000| Untracked 
| 104|0x0000000087600000, 0x0000000087600000, 0x0000000087700000|  0%| F|  |TAMS 0x0000000087600000, 0x0000000087600000| Untracked 
| 105|0x0000000087700000, 0x0000000087700000, 0x0000000087800000|  0%| F|  |TAMS 0x0000000087700000, 0x0000000087700000| Untracked 
| 106|0x0000000087800000, 0x0000000087800000, 0x0000000087900000|  0%| F|  |TAMS 0x0000000087800000, 0x0000000087800000| Untracked 
| 107|0x0000000087900000, 0x0000000087900000, 0x0000000087a00000|  0%| F|  |TAMS 0x0000000087900000, 0x0000000087900000| Untracked 
| 108|0x0000000087a00000, 0x0000000087a00000, 0x0000000087b00000|  0%| F|  |TAMS 0x0000000087a00000, 0x0000000087a00000| Untracked 
| 109|0x0000000087b00000, 0x0000000087b00000, 0x0000000087c00000|  0%| F|  |TAMS 0x0000000087b00000, 0x0000000087b00000| Untracked 
| 110|0x0000000087c00000, 0x0000000087c00000, 0x0000000087d00000|  0%| F|  |TAMS 0x0000000087c00000, 0x0000000087c00000| Untracked 
| 111|0x0000000087d00000, 0x0000000087d00000, 0x0000000087e00000|  0%| F|  |TAMS 0x0000000087d00000, 0x0000000087d00000| Untracked 
| 112|0x0000000087e00000, 0x0000000087e00000, 0x0000000087f00000|  0%| F|  |TAMS 0x0000000087e00000, 0x0000000087e00000| Untracked 
| 113|0x0000000087f00000, 0x0000000087f00000, 0x0000000088000000|  0%| F|  |TAMS 0x0000000087f00000, 0x0000000087f00000| Untracked 
| 114|0x0000000088000000, 0x0000000088000000, 0x0000000088100000|  0%| F|  |TAMS 0x0000000088000000, 0x0000000088000000| Untracked 
| 115|0x0000000088100000, 0x0000000088100000, 0x0000000088200000|  0%| F|  |TAMS 0x0000000088100000, 0x0000000088100000| Untracked 
| 116|0x0000000088200000, 0x0000000088280800, 0x0000000088300000| 50%| E|  |TAMS 0x0000000088200000, 0x0000000088200000| Complete 
| 117|0x0000000088300000, 0x0000000088400000, 0x0000000088400000|100%| E|CS|TAMS 0x0000000088300000, 0x0000000088300000| Complete 
| 118|0x0000000088400000, 0x0000000088500000, 0x0000000088500000|100%| E|CS|TAMS 0x0000000088400000, 0x0000000088400000| Complete 
| 119|0x0000000088500000, 0x0000000088600000, 0x0000000088600000|100%| E|CS|TAMS 0x0000000088500000, 0x0000000088500000| Complete 
| 120|0x0000000088600000, 0x0000000088700000, 0x0000000088700000|100%| E|CS|TAMS 0x0000000088600000, 0x0000000088600000| Complete 
| 121|0x0000000088700000, 0x0000000088800000, 0x0000000088800000|100%| E|CS|TAMS 0x0000000088700000, 0x0000000088700000| Complete 
| 122|0x0000000088800000, 0x0000000088900000, 0x0000000088900000|100%| E|CS|TAMS 0x0000000088800000, 0x0000000088800000| Complete 
| 123|0x0000000088900000, 0x0000000088a00000, 0x0000000088a00000|100%| E|CS|TAMS 0x0000000088900000, 0x0000000088900000| Complete 
| 124|0x0000000088a00000, 0x0000000088b00000, 0x0000000088b00000|100%| E|CS|TAMS 0x0000000088a00000, 0x0000000088a00000| Complete 
| 125|0x0000000088b00000, 0x0000000088c00000, 0x0000000088c00000|100%| E|CS|TAMS 0x0000000088b00000, 0x0000000088b00000| Complete 
| 126|0x0000000088c00000, 0x0000000088d00000, 0x0000000088d00000|100%| E|CS|TAMS 0x0000000088c00000, 0x0000000088c00000| Complete 
| 127|0x0000000088d00000, 0x0000000088e00000, 0x0000000088e00000|100%| E|CS|TAMS 0x0000000088d00000, 0x0000000088d00000| Complete 
| 128|0x0000000088e00000, 0x0000000088f00000, 0x0000000088f00000|100%| E|CS|TAMS 0x0000000088e00000, 0x0000000088e00000| Complete 
| 129|0x0000000088f00000, 0x0000000089000000, 0x0000000089000000|100%| E|CS|TAMS 0x0000000088f00000, 0x0000000088f00000| Complete 
| 130|0x0000000089000000, 0x0000000089100000, 0x0000000089100000|100%| E|CS|TAMS 0x0000000089000000, 0x0000000089000000| Complete 
| 131|0x0000000089100000, 0x0000000089200000, 0x0000000089200000|100%| E|CS|TAMS 0x0000000089100000, 0x0000000089100000| Complete 
| 132|0x0000000089200000, 0x0000000089300000, 0x0000000089300000|100%| E|CS|TAMS 0x0000000089200000, 0x0000000089200000| Complete 
| 133|0x0000000089300000, 0x0000000089400000, 0x0000000089400000|100%| E|CS|TAMS 0x0000000089300000, 0x0000000089300000| Complete 
| 134|0x0000000089400000, 0x0000000089500000, 0x0000000089500000|100%| E|CS|TAMS 0x0000000089400000, 0x0000000089400000| Complete 
| 135|0x0000000089500000, 0x0000000089600000, 0x0000000089600000|100%| E|CS|TAMS 0x0000000089500000, 0x0000000089500000| Complete 
| 136|0x0000000089600000, 0x0000000089700000, 0x0000000089700000|100%| E|CS|TAMS 0x0000000089600000, 0x0000000089600000| Complete 
| 137|0x0000000089700000, 0x0000000089800000, 0x0000000089800000|100%| E|CS|TAMS 0x0000000089700000, 0x0000000089700000| Complete 
| 138|0x0000000089800000, 0x0000000089900000, 0x0000000089900000|100%| E|CS|TAMS 0x0000000089800000, 0x0000000089800000| Complete 
| 139|0x0000000089900000, 0x0000000089a00000, 0x0000000089a00000|100%| E|CS|TAMS 0x0000000089900000, 0x0000000089900000| Complete 
| 140|0x0000000089a00000, 0x0000000089b00000, 0x0000000089b00000|100%| E|CS|TAMS 0x0000000089a00000, 0x0000000089a00000| Complete 
| 141|0x0000000089b00000, 0x0000000089c00000, 0x0000000089c00000|100%| E|CS|TAMS 0x0000000089b00000, 0x0000000089b00000| Complete 
| 142|0x0000000089c00000, 0x0000000089d00000, 0x0000000089d00000|100%| E|CS|TAMS 0x0000000089c00000, 0x0000000089c00000| Complete 
| 143|0x0000000089d00000, 0x0000000089e00000, 0x0000000089e00000|100%| E|CS|TAMS 0x0000000089d00000, 0x0000000089d00000| Complete 
| 144|0x0000000089e00000, 0x0000000089f00000, 0x0000000089f00000|100%| E|CS|TAMS 0x0000000089e00000, 0x0000000089e00000| Complete 
| 145|0x0000000089f00000, 0x000000008a000000, 0x000000008a000000|100%| E|CS|TAMS 0x0000000089f00000, 0x0000000089f00000| Complete 
| 146|0x000000008a000000, 0x000000008a100000, 0x000000008a100000|100%| E|CS|TAMS 0x000000008a000000, 0x000000008a000000| Complete 
| 147|0x000000008a100000, 0x000000008a200000, 0x000000008a200000|100%| E|CS|TAMS 0x000000008a100000, 0x000000008a100000| Complete 
| 148|0x000000008a200000, 0x000000008a300000, 0x000000008a300000|100%| E|CS|TAMS 0x000000008a200000, 0x000000008a200000| Complete 
| 149|0x000000008a300000, 0x000000008a400000, 0x000000008a400000|100%| E|CS|TAMS 0x000000008a300000, 0x000000008a300000| Complete 
| 150|0x000000008a400000, 0x000000008a500000, 0x000000008a500000|100%| E|CS|TAMS 0x000000008a400000, 0x000000008a400000| Complete 
| 151|0x000000008a500000, 0x000000008a600000, 0x000000008a600000|100%| E|CS|TAMS 0x000000008a500000, 0x000000008a500000| Complete 
| 152|0x000000008a600000, 0x000000008a700000, 0x000000008a700000|100%| E|CS|TAMS 0x000000008a600000, 0x000000008a600000| Complete 
| 153|0x000000008a700000, 0x000000008a800000, 0x000000008a800000|100%| E|CS|TAMS 0x000000008a700000, 0x000000008a700000| Complete 

Card table byte_map: [0x0000024778d20000,0x0000024779120000] _byte_map_base: 0x0000024778919000

Marking Bits (Prev, Next): (CMBitMap*) 0x0000024774ab9d00, (CMBitMap*) 0x0000024774ab9cc8
 Prev Bits: [0x000002477b4f0000, 0x000002477d4b8000)
 Next Bits: [0x0000024779520000, 0x000002477b4e8000)

Polling page: 0x00000247741b0000

Metaspace:

Usage:
  Non-class:     29.36 MB capacity,    28.81 MB ( 98%) used,   460.69 KB (  2%) free+waste,   108.56 KB ( <1%) overhead. 
      Class:      5.02 MB capacity,     4.62 MB ( 92%) used,   355.67 KB (  7%) free+waste,    54.69 KB (  1%) overhead. 
       Both:     34.39 MB capacity,    33.43 MB ( 97%) used,   816.36 KB (  2%) free+waste,   163.25 KB ( <1%) overhead. 

Virtual space:
  Non-class space:       30.00 MB reserved,      29.50 MB ( 98%) committed 
      Class space:        1.00 GB reserved,       5.12 MB ( <1%) committed 
             Both:        1.03 GB reserved,      34.62 MB (  3%) committed 

Chunk freelists:
   Non-Class:  11.00 KB
       Class:  7.00 KB
        Both:  18.00 KB

CodeHeap 'non-profiled nmethods': size=238912Kb used=5994Kb max_used=5994Kb free=232917Kb
 bounds [0x00000247006b0000, 0x0000024700c90000, 0x000002470f000000]
CodeHeap 'non-nmethods': size=6848Kb used=1189Kb max_used=1189Kb free=5658Kb
 bounds [0x0000024700000000, 0x0000024700270000, 0x00000247006b0000]
 total_blobs=4156 nmethods=3595 adapters=452
 compilation: enabled
              stopped_count=0, restarted_count=0
 full_count=0

Compilation events (10 events):
Event: 5.083 Thread 0x000002477f99c800 3609       1       java.util.regex.Matcher::start (65 bytes)
Event: 5.083 Thread 0x000002477f99c800 nmethod 3609 0x0000024700c88f10 code [0x0000024700c89140, 0x0000024700c89670]
Event: 5.083 Thread 0x000002477f99c800 3611       1       java.util.regex.Pattern$$Lambda$35/0x0000000840095440::is (9 bytes)
Event: 5.084 Thread 0x000002477f99c800 nmethod 3611 0x0000024700c89910 code [0x0000024700c89ac0, 0x0000024700c89c58]
Event: 5.084 Thread 0x000002477f99c800 3612       1       java.util.regex.Pattern::lambda$clazz$1 (22 bytes)
Event: 5.084 Thread 0x000002477f99c800 nmethod 3612 0x0000024700c89d90 code [0x0000024700c89f40, 0x0000024700c8a098]
Event: 5.084 Thread 0x000002477f99c800 3613       1       java.util.ArrayList$ArrayListSpliterator::characteristics (4 bytes)
Event: 5.084 Thread 0x000002477f99c800 nmethod 3613 0x0000024700c8a190 code [0x0000024700c8a340, 0x0000024700c8a478]
Event: 5.084 Thread 0x000002477f99c800 3614       1       java.lang.Enum::hashCode (5 bytes)
Event: 5.085 Thread 0x000002477f99c800 nmethod 3614 0x0000024700c8a510 code [0x0000024700c8a6c0, 0x0000024700c8a810]

GC Heap History (10 events):
Event: 0.963 GC heap before
{Heap before GC invocations=2 (full 0):
 garbage-first heap   total 131072K, used 26988K [0x0000000080e00000, 0x0000000100000000)
  region size 1024K, 21 young (21504K), 1 survivors (1024K)
 Metaspace       used 6302K, capacity 8761K, committed 8832K, reserved 1056768K
  class space    used 846K, capacity 1088K, committed 1152K, reserved 1048576K
}
Event: 0.967 GC heap after
{Heap after GC invocations=3 (full 0):
 garbage-first heap   total 131072K, used 7439K [0x0000000080e00000, 0x0000000100000000)
  region size 1024K, 2 young (2048K), 2 survivors (2048K)
 Metaspace       used 6302K, capacity 8761K, committed 8832K, reserved 1056768K
  class space    used 846K, capacity 1088K, committed 1152K, reserved 1048576K
}
Event: 1.428 GC heap before
{Heap before GC invocations=3 (full 0):
 garbage-first heap   total 131072K, used 51471K [0x0000000080e00000, 0x0000000100000000)
  region size 1024K, 46 young (47104K), 2 survivors (2048K)
 Metaspace       used 13236K, capacity 14850K, committed 15104K, reserved 1062912K
  class space    used 1841K, capacity 2042K, committed 2048K, reserved 1048576K
}
Event: 1.435 GC heap after
{Heap after GC invocations=4 (full 0):
 garbage-first heap   total 131072K, used 9080K [0x0000000080e00000, 0x0000000100000000)
  region size 1024K, 3 young (3072K), 3 survivors (3072K)
 Metaspace       used 13236K, capacity 14850K, committed 15104K, reserved 1062912K
  class space    used 1841K, capacity 2042K, committed 2048K, reserved 1048576K
}
Event: 1.898 GC heap before
{Heap before GC invocations=4 (full 0):
 garbage-first heap   total 131072K, used 75640K [0x0000000080e00000, 0x0000000100000000)
  region size 1024K, 69 young (70656K), 3 survivors (3072K)
 Metaspace       used 15135K, capacity 16809K, committed 17024K, reserved 1064960K
  class space    used 2102K, capacity 2332K, committed 2432K, reserved 1048576K
}
Event: 1.908 GC heap after
{Heap after GC invocations=5 (full 0):
 garbage-first heap   total 157696K, used 10397K [0x0000000080e00000, 0x0000000100000000)
  region size 1024K, 5 young (5120K), 5 survivors (5120K)
 Metaspace       used 15135K, capacity 16809K, committed 17024K, reserved 1064960K
  class space    used 2102K, capacity 2332K, committed 2432K, reserved 1048576K
}
Event: 2.808 GC heap before
{Heap before GC invocations=5 (full 0):
 garbage-first heap   total 157696K, used 58525K [0x0000000080e00000, 0x0000000100000000)
  region size 1024K, 53 young (54272K), 5 survivors (5120K)
 Metaspace       used 19908K, capacity 21219K, committed 21248K, reserved 1067008K
  class space    used 2764K, capacity 3044K, committed 3072K, reserved 1048576K
}
Event: 2.827 GC heap after
{Heap after GC invocations=6 (full 0):
 garbage-first heap   total 157696K, used 13003K [0x0000000080e00000, 0x0000000100000000)
  region size 1024K, 7 young (7168K), 7 survivors (7168K)
 Metaspace       used 19908K, capacity 21219K, committed 21248K, reserved 1067008K
  class space    used 2764K, capacity 3044K, committed 3072K, reserved 1048576K
}
Event: 4.141 GC heap before
{Heap before GC invocations=7 (full 0):
 garbage-first heap   total 157696K, used 93899K [0x0000000080e00000, 0x0000000100000000)
  region size 1024K, 87 young (89088K), 7 survivors (7168K)
 Metaspace       used 27116K, capacity 28091K, committed 28412K, reserved 1073152K
  class space    used 3589K, capacity 3966K, committed 4092K, reserved 1048576K
}
Event: 4.160 GC heap after
{Heap after GC invocations=8 (full 0):
 garbage-first heap   total 157696K, used 15450K [0x0000000080e00000, 0x0000000100000000)
  region size 1024K, 8 young (8192K), 8 survivors (8192K)
 Metaspace       used 27116K, capacity 28091K, committed 28412K, reserved 1073152K
  class space    used 3589K, capacity 3966K, committed 4092K, reserved 1048576K
}

Deoptimization events (0 events):
No events

Classes redefined (0 events):
No events

Internal exceptions (10 events):
Event: 3.799 Thread 0x0000024774a7d800 Exception <a 'java/lang/NullPointerException'{0x0000000085d49b60}> (0x0000000085d49b60) thrown at [c:/BuildAgent/work/5ff2f6c26000d570/src/hotspot/share/runtime/sharedRuntime.cpp, line 584]
Event: 3.799 Thread 0x0000024774a7d800 Implicit null exception at 0x00000247009b270d to 0x00000247009b2a4f
Event: 3.799 Thread 0x0000024774a7d800 Exception <a 'java/lang/NullPointerException'{0x0000000085d4a9e8}> (0x0000000085d4a9e8) thrown at [c:/BuildAgent/work/5ff2f6c26000d570/src/hotspot/share/runtime/sharedRuntime.cpp, line 584]
Event: 3.799 Thread 0x0000024774a7d800 Implicit null exception at 0x00000247009b270d to 0x00000247009b2a4f
Event: 3.799 Thread 0x0000024774a7d800 Exception <a 'java/lang/NullPointerException'{0x0000000085d4be10}> (0x0000000085d4be10) thrown at [c:/BuildAgent/work/5ff2f6c26000d570/src/hotspot/share/runtime/sharedRuntime.cpp, line 584]
Event: 3.799 Thread 0x0000024774a7d800 Implicit null exception at 0x00000247009b270d to 0x00000247009b2a4f
Event: 3.799 Thread 0x0000024774a7d800 Exception <a 'java/lang/NullPointerException'{0x0000000085d4d3c0}> (0x0000000085d4d3c0) thrown at [c:/BuildAgent/work/5ff2f6c26000d570/src/hotspot/share/runtime/sharedRuntime.cpp, line 584]
Event: 3.800 Thread 0x0000024774a7d800 Implicit null exception at 0x00000247009b270d to 0x00000247009b2a4f
Event: 3.800 Thread 0x0000024774a7d800 Exception <a 'java/lang/NullPointerException'{0x0000000085d4e200}> (0x0000000085d4e200) thrown at [c:/BuildAgent/work/5ff2f6c26000d570/src/hotspot/share/runtime/sharedRuntime.cpp, line 584]
Event: 4.058 Thread 0x0000024774a7d800 Exception <a 'java/lang/NoSuchMethodError'{0x000000008551b008}: 'java.lang.Object java.lang.invoke.DirectMethodHandle$Holder.invokeStaticInit(java.lang.Object, java.lang.Object, java.lang.Object, java.lang.Object)'> (0x000000008551b008) thrown at [c:/Buil

Events (10 events):
Event: 5.081 loading class org/joda/time/ReadableInstant
Event: 5.081 loading class org/joda/time/ReadableInstant done
Event: 5.081 loading class javax/money/MonetaryAmount
Event: 5.081 loading class javax/money/MonetaryAmount done
Event: 5.082 loading class javax/money/MonetaryAmount
Event: 5.082 loading class javax/money/MonetaryAmount done
Event: 5.083 loading class org/hibernate/cfg/beanvalidation/GroupsPerOperation$Operation
Event: 5.083 loading class org/hibernate/cfg/beanvalidation/GroupsPerOperation$Operation done
Event: 5.083 loading class org/hibernate/cfg/beanvalidation/GroupsPerOperation
Event: 5.083 loading class org/hibernate/cfg/beanvalidation/GroupsPerOperation done


Dynamic libraries:
0x00007ff7d9480000 - 0x00007ff7d94c7000 	C:\Program Files\JetBrains\IntelliJ IDEA 2019.2.4\jbr\bin\java.exe
0x00007ffdf71f0000 - 0x00007ffdf73dd000 	C:\WINDOWS\SYSTEM32\ntdll.dll
0x00007ffdf4980000 - 0x00007ffdf4a33000 	C:\WINDOWS\System32\KERNEL32.DLL
0x00007ffdf3bd0000 - 0x00007ffdf3e63000 	C:\WINDOWS\System32\KERNELBASE.dll
0x00007ffdf5280000 - 0x00007ffdf5417000 	C:\WINDOWS\System32\USER32.dll
0x00007ffdf3b00000 - 0x00007ffdf3b20000 	C:\WINDOWS\System32\win32u.dll
0x00007ffdf70d0000 - 0x00007ffdf70f9000 	C:\WINDOWS\System32\GDI32.dll
0x00007ffdf3e70000 - 0x00007ffdf4009000 	C:\WINDOWS\System32\gdi32full.dll
0x00007ffdf4170000 - 0x00007ffdf4210000 	C:\WINDOWS\System32\msvcp_win.dll
0x00007ffdf4010000 - 0x00007ffdf410a000 	C:\WINDOWS\System32\ucrtbase.dll
0x00007ffddffd0000 - 0x00007ffde0249000 	C:\WINDOWS\WinSxS\amd64_microsoft.windows.common-controls_6595b64144ccf1df_6.0.17763.864_none_05b3441807210760\COMCTL32.dll
0x00007ffdf4cc0000 - 0x00007ffdf4d5e000 	C:\WINDOWS\System32\msvcrt.dll
0x00007ffdf4ed0000 - 0x00007ffdf51fc000 	C:\WINDOWS\System32\combase.dll
0x00007ffdf4850000 - 0x00007ffdf4972000 	C:\WINDOWS\System32\RPCRT4.dll
0x00007ffdf3a30000 - 0x00007ffdf3aae000 	C:\WINDOWS\System32\bcryptPrimitives.dll
0x00007ffdf4c90000 - 0x00007ffdf4cbe000 	C:\WINDOWS\System32\IMM32.DLL
0x00007ffdecee0000 - 0x00007ffdecef7000 	C:\Program Files\JetBrains\IntelliJ IDEA 2019.2.4\jbr\bin\vcruntime140.dll
0x00007ffdd13c0000 - 0x00007ffdd145d000 	C:\Program Files\JetBrains\IntelliJ IDEA 2019.2.4\jbr\bin\msvcp140.dll
0x00007ffdc41e0000 - 0x00007ffdc4c98000 	C:\Program Files\JetBrains\IntelliJ IDEA 2019.2.4\jbr\bin\server\jvm.dll
0x00007ffdf4a40000 - 0x00007ffdf4ae3000 	C:\WINDOWS\System32\ADVAPI32.dll
0x00007ffdf46f0000 - 0x00007ffdf478e000 	C:\WINDOWS\System32\sechost.dll
0x00007ffdf5b60000 - 0x00007ffdf5b68000 	C:\WINDOWS\System32\PSAPI.DLL
0x00007ffdef980000 - 0x00007ffdef9a4000 	C:\WINDOWS\SYSTEM32\WINMM.dll
0x00007ffde4960000 - 0x00007ffde4969000 	C:\WINDOWS\SYSTEM32\WSOCK32.dll
0x00007ffdea4c0000 - 0x00007ffdea4ca000 	C:\WINDOWS\SYSTEM32\VERSION.dll
0x00007ffdef950000 - 0x00007ffdef97d000 	C:\WINDOWS\SYSTEM32\WINMMBASE.dll
0x00007ffdf4c20000 - 0x00007ffdf4c8d000 	C:\WINDOWS\System32\WS2_32.dll
0x00007ffdf3ab0000 - 0x00007ffdf3afa000 	C:\WINDOWS\System32\cfgmgr32.dll
0x00007ffdf3230000 - 0x00007ffdf3241000 	C:\WINDOWS\System32\kernel.appcore.dll
0x00007ffde48f0000 - 0x00007ffde4901000 	C:\Program Files\JetBrains\IntelliJ IDEA 2019.2.4\jbr\bin\verify.dll
0x00007ffde2220000 - 0x00007ffde240d000 	C:\WINDOWS\SYSTEM32\DBGHELP.DLL
0x00007ffde1a80000 - 0x00007ffde1aaa000 	C:\WINDOWS\SYSTEM32\dbgcore.DLL
0x00007ffddeb30000 - 0x00007ffddeb59000 	C:\Program Files\JetBrains\IntelliJ IDEA 2019.2.4\jbr\bin\java.dll
0x00007ffddeb10000 - 0x00007ffddeb27000 	C:\Program Files\JetBrains\IntelliJ IDEA 2019.2.4\jbr\bin\zip.dll
0x00007ffded270000 - 0x00007ffded27b000 	C:\Program Files\JetBrains\IntelliJ IDEA 2019.2.4\jbr\bin\jimage.dll
0x00007ffdf5bd0000 - 0x00007ffdf70c4000 	C:\WINDOWS\System32\SHELL32.dll
0x00007ffdf4790000 - 0x00007ffdf4838000 	C:\WINDOWS\System32\shcore.dll
0x00007ffdf32b0000 - 0x00007ffdf39fd000 	C:\WINDOWS\System32\windows.storage.dll
0x00007ffdf3200000 - 0x00007ffdf3224000 	C:\WINDOWS\System32\profapi.dll
0x00007ffdf3250000 - 0x00007ffdf32ad000 	C:\WINDOWS\System32\powrprof.dll
0x00007ffdf5b70000 - 0x00007ffdf5bc2000 	C:\WINDOWS\System32\shlwapi.dll
0x00007ffdf4210000 - 0x00007ffdf4227000 	C:\WINDOWS\System32\cryptsp.dll
0x00007ffddeaf0000 - 0x00007ffddeb0a000 	C:\Program Files\JetBrains\IntelliJ IDEA 2019.2.4\jbr\bin\net.dll
0x00007ffdef810000 - 0x00007ffdef902000 	C:\WINDOWS\SYSTEM32\WINHTTP.dll
0x00007ffdeb6a0000 - 0x00007ffdeb877000 	C:\WINDOWS\SYSTEM32\urlmon.dll
0x00007ffdeb370000 - 0x00007ffdeb618000 	C:\WINDOWS\SYSTEM32\iertutil.dll
0x00007ffdf2bc0000 - 0x00007ffdf2bcc000 	C:\WINDOWS\SYSTEM32\CRYPTBASE.DLL
0x00007ffdf29f0000 - 0x00007ffdf2a57000 	C:\WINDOWS\system32\mswsock.dll
0x00007ffddead0000 - 0x00007ffddeae4000 	C:\Program Files\JetBrains\IntelliJ IDEA 2019.2.4\jbr\bin\nio.dll
0x00007ffded100000 - 0x00007ffded10a000 	C:\Program Files\JetBrains\IntelliJ IDEA 2019.2.4\jbr\bin\management.dll
0x00007ffdece00000 - 0x00007ffdece0c000 	C:\Program Files\JetBrains\IntelliJ IDEA 2019.2.4\jbr\bin\management_ext.dll
0x00007ffde0500000 - 0x00007ffde0516000 	C:\WINDOWS\system32\napinsp.dll
0x00007ffde04e0000 - 0x00007ffde04fa000 	C:\WINDOWS\system32\pnrpnsp.dll
0x00007ffdf2750000 - 0x00007ffdf2816000 	C:\WINDOWS\SYSTEM32\DNSAPI.dll
0x00007ffdf4840000 - 0x00007ffdf4848000 	C:\WINDOWS\System32\NSI.dll
0x00007ffdf2710000 - 0x00007ffdf274d000 	C:\WINDOWS\SYSTEM32\IPHLPAPI.DLL
0x00007ffde04a0000 - 0x00007ffde04ae000 	C:\WINDOWS\System32\winrnr.dll
0x00007ffdf0000000 - 0x00007ffdf001b000 	C:\WINDOWS\system32\NLAapi.dll
0x00007ffde02c0000 - 0x00007ffde02d5000 	C:\WINDOWS\system32\wshbth.dll
0x00007ffdead70000 - 0x00007ffdead7a000 	C:\Windows\System32\rasadhlp.dll
0x00007ffdeb620000 - 0x00007ffdeb699000 	C:\WINDOWS\System32\fwpuclnt.dll
0x00007ffdf3a00000 - 0x00007ffdf3a26000 	C:\WINDOWS\System32\bcrypt.dll
0x00007ffdf2570000 - 0x00007ffdf25a3000 	C:\WINDOWS\system32\rsaenh.dll
0x00007ffdf30e0000 - 0x00007ffdf3108000 	C:\WINDOWS\SYSTEM32\USERENV.dll
0x00007ffdeea00000 - 0x00007ffdeea16000 	C:\WINDOWS\SYSTEM32\dhcpcsvc6.DLL
0x00007ffdeec30000 - 0x00007ffdeec4c000 	C:\WINDOWS\SYSTEM32\dhcpcsvc.DLL

dbghelp: loaded successfully - version: 4.0.5 - missing functions: none
symbol engine: initialized successfully - sym options: 0x614 - pdb path: .;C:\Program Files\JetBrains\IntelliJ IDEA 2019.2.4\jbr\bin;C:\WINDOWS\SYSTEM32;C:\WINDOWS\WinSxS\amd64_microsoft.windows.common-controls_6595b64144ccf1df_6.0.17763.864_none_05b3441807210760;C:\Program Files\JetBrains\IntelliJ IDEA 2019.2.4\jbr\bin\server

VM Arguments:
jvm_args: -Xverify:none -XX:TieredStopAtLevel=1 -Dfile.encoding=windows-1251 -Duser.country=RU -Duser.language=ru -Duser.variant 
java_command: njp.NaumenJavaProject.NaumenJavaProjectApplication
java_class_path (initial): C:\kod\261119\NaumenJavaProject\build\classes\java\main;C:\kod\261119\NaumenJavaProject\build\resources\main;C:\Users\Ro\.gradle\caches\modules-2\files-2.1\org.springframework.boot\spring-boot-starter-thymeleaf\2.2.1.BUILD-SNAPSHOT\afe66e14216f8baa8729e119cb8e47cab5eefcbe\spring-boot-starter-thymeleaf-2.2.1.BUILD-SNAPSHOT.jar;C:\Users\Ro\.gradle\caches\modules-2\files-2.1\org.springframework.boot\spring-boot-starter-data-jpa\2.2.1.BUILD-SNAPSHOT\8bcc6a60f35f3dad52d2fdbd48cc3ed8bdc5a6d0\spring-boot-starter-data-jpa-2.2.1.BUILD-SNAPSHOT.jar;C:\Users\Ro\.gradle\caches\modules-2\files-2.1\org.hibernate\hibernate-core\5.4.8.Final\25d6ea4dff6f2aafec5ce5f65e055416979c599d\hibernate-core-5.4.8.Final.jar;C:\Users\Ro\.gradle\caches\modules-2\files-2.1\org.postgresql\postgresql\42.2.4.jre7\a458a488a7273135a9f62f81cfbd97747bfeaeda\postgresql-42.2.4.jre7.jar;C:\Users\Ro\.gradle\caches\modules-2\files-2.1\org.springframework.boot\spring-boot-starter-security\2.2.1.BUILD-SNAPSHOT\cd1cdfdb9773f56e432180ff9b21be4bb3616410\spring-boot-starter-security-2.2.1.BUILD-SNAPSHOT.jar;C:\Users\Ro\.gradle\caches\modules-2\files-2.1\org.springframework.boot\spring-boot-starter-web\2.2.1.BUILD-SNAPSHOT\f8b470786f85adf3e3005126ef92fda4ea37fed4\spring-boot-starter-web-2.2.1.BUILD-SNAPSHOT.jar;C:\Users\Ro\.gradle\caches\modules-2\files-2.1\org.springframework.boot\spring-boot-starter-tomcat\2.2.1.BUILD-SNAPSHOT\8dfb18fc11b6a0556235a221a5bcd1a9f4afd179\spring-boot-starter-tomcat-2.2.1.BUILD-SNAPSHOT.jar;C:\Users\Ro\.gradle\caches\modules-2\files-2.1\org.springframework.boot\spring-boot-starter-aop\2.2.1.BUILD-SNAPSHOT\d04e30895ce7945cda420991ea551565201921b7\spring-boot-starter-aop-2.2.1.BUILD-SNAPSHOT.jar;C:\Users\Ro\.gradle\caches\modules-2\files-2.1\org.springframework.boot\spring-boot-starter-jdbc\2.2.1.BUILD-SNAPSHOT\32d92b45ed31bb970b760b3cac6b9e9ac27d8873\spring-boot-starter-jdbc-2.2.1.BUILD-SNAPSHOT.jar;C:\Users\Ro\.gradle\caches\modules-2\files-2.1\org.springfra
Launcher Type: SUN_STANDARD

[Global flags]
     bool BytecodeVerificationLocal                = false                                     {product} {command line}
     bool BytecodeVerificationRemote               = false                                     {product} {command line}
     intx CICompilerCount                          = 3                                         {product} {ergonomic}
     uint ConcGCThreads                            = 1                                         {product} {ergonomic}
     uint G1ConcRefinementThreads                  = 4                                         {product} {ergonomic}
   size_t G1HeapRegionSize                         = 1048576                                   {product} {ergonomic}
    uintx GCDrainStackTargetSize                   = 64                                        {product} {ergonomic}
   size_t InitialHeapSize                          = 134217728                                 {product} {ergonomic}
   size_t MarkStackSize                            = 4194304                                   {product} {ergonomic}
   size_t MaxHeapSize                              = 2132803584                                {product} {ergonomic}
   size_t MaxNewSize                               = 1279262720                                {product} {ergonomic}
   size_t MinHeapDeltaBytes                        = 1048576                                   {product} {ergonomic}
    uintx NonNMethodCodeHeapSize                   = 6973028                                {pd product} {ergonomic}
    uintx NonProfiledCodeHeapSize                  = 244685212                              {pd product} {ergonomic}
    uintx ProfiledCodeHeapSize                     = 0                                      {pd product} {ergonomic}
    uintx ReservedCodeCacheSize                    = 251658240                              {pd product} {ergonomic}
     bool SegmentedCodeCache                       = true                                      {product} {ergonomic}
     intx TieredStopAtLevel                        = 1                                         {product} {command line}
     bool UseCompressedClassPointers               = true                                 {lp64_product} {ergonomic}
     bool UseCompressedOops                        = true                                 {lp64_product} {ergonomic}
     bool UseG1GC                                  = true                                      {product} {ergonomic}
     bool UseLargePagesIndividualAllocation        = false                                  {pd product} {ergonomic}

Logging:
Log output configuration:
 #0: stdout all=warning uptime,level,tags
 #1: stderr all=off uptime,level,tags

Environment Variables:
PATH=C:\Program Files (x86)\Common Files\Oracle\Java\javapath;C:\WINDOWS\system32;C:\WINDOWS;C:\WINDOWS\System32\Wbem;C:\WINDOWS\System32\WindowsPowerShell\v1.0\;C:\Program Files\Git\cmd;C:\Program Files\PostgreSQL\11\bin;C:\WINDOWS\System32\OpenSSH\;C:\Program Files\apache-maven-3.6.2\bin;C:\Program Files\apache-maven-3.6.2\bin;C:\Users\Ro\AppData\Local\Microsoft\WindowsApps;;C:\Program Files\JetBrains\IntelliJ IDEA 2019.2.4\bin;;C:\Program Files\JetBrains\WebStorm 2019.2.4\bin;
USERNAME=Ro
OS=Windows_NT
PROCESSOR_IDENTIFIER=Intel64 Family 6 Model 42 Stepping 7, GenuineIntel



---------------  S Y S T E M  ---------------

OS: Windows 10 , 64 bit Build 17763 (10.0.17763.475)

CPU:total 4 (initial active 4) (2 cores per cpu, 2 threads per core) family 6 model 42 stepping 7, cmov, cx8, fxsr, mmx, sse, sse2, sse3, ssse3, sse4.1, sse4.2, popcnt, avx, clmul, ht, tsc, tscinvbit

Memory: 4k page, system-wide physical 8135M (2216M free)
TotalPageFile size 14705M (AvailPageFile size 5598M)
current process WorkingSet (physical memory assigned to process): 207M, peak: 207M
current process commit charge ("private bytes"): 280M, peak: 280M

vm_info: OpenJDK 64-Bit Server VM (11.0.4+10-b304.77) for windows-amd64 JRE (11.0.4+10-b304.77), built on Oct 10 2019 15:02:36 by "" with MS VC++ 14.0 (VS2015)

END.
